make all --print-data-base --no-builtin-variables --no-builtin-rules --question
# GNU Make 3.81
# Copyright (C) 2006  Free Software Foundation, Inc.
# This is free software; see the source for copying conditions.
# There is NO warranty; not even for MERCHANTABILITY or FITNESS FOR A
# PARTICULAR PURPOSE.

# This program built for i386-apple-darwin11.3.0
 

# Make data base, printed on Fri Sep 16 15:50:02 2022

# Variables

# automatic
<D = $(patsubst %/,%,$(dir $<))
# automatic
?F = $(notdir $?)
# makefile (from `Makefile', line 48)
OBJ = $(SRC:.c=.o)
# makefile (from `Makefile', line 15)
SRC = actions/rrr.c actions/reverse.c actions/rotate.c actions/rr.c actions/pushStack.c actions/ss.c actions/swap.c functions/super_atoi.c functions/super_strlen.c functions/stackSize.c functions/Sortpush.c functions/List_to_array.c functions/go_to_ndx.c functions/find_max_ndx.c functions/find_min_ndx.c functions/find_first_min.c functions/five.c functions/hundred.c functions/three.c functions/print_action.c functions/push.c functions/Empty.c functions/Delete.c functions/checkDouble.c functions/max_min_int.c get_next_line/get_next_line.c main.c 
# environment
VSCODE_LOG_NATIVE = false
# automatic
?D = $(patsubst %/,%,$(dir $?))
# automatic
@D = $(patsubst %/,%,$(dir $@))
# automatic
@F = $(notdir $@)
# makefile
CURDIR := /Users/zhaddoum/Desktop/Push_swap
# makefile
SHELL = /bin/sh
# makefile (from `Makefile', line 50)
RM = rm -f
# environment
VSCODE_NLS_CONFIG = {"locale":"en-us","availableLanguages":{},"_languagePackSupport":true}
# environment
_ = /usr/bin/make
# makefile (from `Makefile', line 1)
MAKEFILE_LIST :=  Makefile
# environment
VSCODE_VERBOSE_LOGGING = true
# makefile (from `Makefile', line 45)
BONUS = bonus
# environment
VSCODE_IPC_HOOK_EXTHOST = /var/folders/zz/zyxvpxvq6csfxvn_n000c_vc0032pv/T/vscode-ipc-2d9afd66-7a73-43bc-a7db-5d7c5664a0c9.sock
# environment
VSCODE_CWD = /
# environment
PATH = /Users/zhaddoum/goinfre/.brew/bin:/usr/local/bin:/usr/bin:/bin:/usr/sbin:/sbin:/usr/local/munki
# environment
LSCOLORS = Gxfxcxdxbxegedabagacad
# makefile (from `Makefile', line 47)
AR = ar rcs
# environment
VSCODE_LOG_STACK = false
# environment
ELECTRON_RUN_AS_NODE = 1
# default
.FEATURES := target-specific order-only second-expansion else-if archives jobserver check-symlink
# environment
SSH_AUTH_SOCK = /private/tmp/com.apple.launchd.8NjRTKMf1P/Listeners
# automatic
%F = $(notdir $%)
# environment
VSCODE_PIPE_LOGGING = true
# environment
PWD = /Users/zhaddoum/Desktop/Push_swap
# environment
ORIGINAL_XDG_CURRENT_DESKTOP = undefined
# environment
VSCODE_AMD_ENTRYPOINT = vs/workbench/api/node/extensionHostProcess
# environment
HOME = /Users/zhaddoum
# default
MAKEFILEPATH = $(shell /usr/bin/xcode-select -print-path 2>/dev/null || echo /Developer)/Makefiles
# environment
VSCODE_CODE_CACHE_PATH = /Users/zhaddoum/Library/Application Support/Code/CachedData/57fd6d0195bb9b9d1b49f6da5db789060795de47
# environment
LOGNAME = zhaddoum
# environment
APPLICATION_INSIGHTS_NO_DIAGNOSTIC_CHANNEL = 1
# makefile (from `Makefile', line 44)
COMPILE = push_swap
# environment
ZSH = /Users/zhaddoum/.oh-my-zsh
# environment
VSCODE_HANDLES_UNCAUGHT_ERRORS = true
# automatic
^D = $(patsubst %/,%,$(dir $^))
# environment
XPC_FLAGS = 0x0
# default
MAKE = $(MAKE_COMMAND)
# default
MAKECMDGOALS := all
# environment
SHLVL = 1
# makefile (from `Makefile', line 46)
CC = gcc -Wall -Werror -Wextra
# default
MAKE_VERSION := 3.81
# environment
USER = zhaddoum
# makefile
.DEFAULT_GOAL := all
# makefile (from `Makefile', line 43)
NAME = ObjectPushSwap.a
# environment
LESS = -R
# automatic
%D = $(patsubst %/,%,$(dir $%))
# default
MAKE_COMMAND := /Library/Developer/CommandLineTools/usr/bin/make
# default
.VARIABLES := 
# environment
TMPDIR = /var/folders/zz/zyxvpxvq6csfxvn_n000c_vc0032pv/T/
# automatic
*F = $(notdir $*)
# environment
VSCODE_IPC_HOOK = /Users/zhaddoum/Library/Application Support/Code/1.67.0-main.sock
# makefile
MAKEFLAGS = Rrqp
# environment
MFLAGS = -Rrqp
# automatic
*D = $(patsubst %/,%,$(dir $*))
# environment
XPC_SERVICE_NAME = com.microsoft.VSCode.1184
# automatic
+D = $(patsubst %/,%,$(dir $+))
# automatic
+F = $(notdir $+)
# environment
__CF_USER_TEXT_ENCODING = 0x18ADB:0:0
# default
MAKEFILES := 
# environment
HOMEBREW_NO_AUTO_UPDATE = 1
# automatic
<F = $(notdir $<)
# environment
PAGER = less
# environment
LC_ALL = C
# makefile (from `Makefile', line 49)
HEADER = *.h
# automatic
^F = $(notdir $^)
# default
SUFFIXES := 
# default
.INCLUDE_DIRS = /usr/local/include
# environment
MAKELEVEL := 0
# environment
LANG = C
# environment
VSCODE_PID = 4664
# variable set hash-table stats:
# Load=74/1024=7%, Rehash=0, Collisions=3/108=3%

# Pattern-specific Variable Values

# No pattern-specific variable values.

# Directories

# actions (device 16777225, inode 355253): 15 files, no impossibilities so far.
# . (device 16777225, inode 355183): 17 files, no impossibilities.
# functions (device 16777225, inode 348405): 37 files, no impossibilities so far.
# get_next_line (device 16777225, inode 355298): 3 files, no impossibilities so far.

# 72 files, no impossibilities in 4 directories.

# Implicit Rules

%.o: %.c
#  commands to execute (from `Makefile', line 58):
	$(CC) -c $< -o $@
	

 
# 1 implicit rules, 0 (0.0%) terminal.

# Files

# Not a target:
functions/checkDouble.c:
#  Implicit rule search has been done.
#  Last modified 2022-09-14 15:55:50
#  File has been updated.
#  Successfully updated.
# variable set hash-table stats:
# Load=0/32=0%, Rehash=0, Collisions=0/0=0%

# Not a target:
functions.h:
#  Implicit rule search has been done.
#  Last modified 2022-09-14 17:30:18
#  File has been updated.
#  Successfully updated.
# variable set hash-table stats:
# Load=0/32=0%, Rehash=0, Collisions=0/0=0%

# Not a target:
functions/super_atoi.c:
#  Implicit rule search has been done.
#  Last modified 2022-09-14 17:36:34
#  File has been updated.
#  Successfully updated.
# variable set hash-table stats:
# Load=0/32=0%, Rehash=0, Collisions=0/0=0%

# Not a target:
functions/max_min_int.c:
#  Implicit rule search has been done.
#  Last modified 2022-09-14 15:55:50
#  File has been updated.
#  Successfully updated.
# variable set hash-table stats:
# Load=0/32=0%, Rehash=0, Collisions=0/0=0%

# Not a target:
functions/five.c:
#  Implicit rule search has been done.
#  Last modified 2022-09-14 15:55:50
#  File has been updated.
#  Successfully updated.
# variable set hash-table stats:
# Load=0/32=0%, Rehash=0, Collisions=0/0=0%

# Not a target:
functions/find_first_min.c:
#  Implicit rule search has been done.
#  Last modified 2022-09-14 15:55:50
#  File has been updated.
#  Successfully updated.
# variable set hash-table stats:
# Load=0/32=0%, Rehash=0, Collisions=0/0=0%

all: ObjectPushSwap.a push_swap
#  Phony target (prerequisite of .PHONY).
#  Command-line target.
#  Implicit rule search has not been done.
#  File does not exist.
#  File has been updated.
#  Successfully updated.
# variable set hash-table stats:
# Load=0/32=0%, Rehash=0, Collisions=0/0=0%

# Not a target:
functions/push.c:
#  Implicit rule search has been done.
#  Last modified 2022-09-14 15:55:50
#  File has been updated.
#  Successfully updated.
# variable set hash-table stats:
# Load=0/32=0%, Rehash=0, Collisions=0/0=0%

.PHONY: all bonus clean fclean re
#  Implicit rule search has not been done.
#  Modification time never checked.
#  File has not been updated.

# Not a target:
functions/hundred.c:
#  Implicit rule search has been done.
#  Last modified 2022-09-14 15:55:50
#  File has been updated.
#  Successfully updated.
# variable set hash-table stats:
# Load=0/32=0%, Rehash=0, Collisions=0/0=0%

# Not a target:
main.c:
#  Implicit rule search has been done.
#  Last modified 2022-09-14 17:44:08
#  File has been updated.
#  Successfully updated.
# variable set hash-table stats:
# Load=0/32=0%, Rehash=0, Collisions=0/0=0%

# Not a target:
functions/stackSize.c:
#  Implicit rule search has been done.
#  Last modified 2022-09-14 15:55:50
#  File has been updated.
#  Successfully updated.
# variable set hash-table stats:
# Load=0/32=0%, Rehash=0, Collisions=0/0=0%

# Not a target:
functions/Empty.c:
#  Implicit rule search has been done.
#  Last modified 2022-09-14 15:55:50
#  File has been updated.
#  Successfully updated.
# variable set hash-table stats:
# Load=0/32=0%, Rehash=0, Collisions=0/0=0%

# Not a target:
actions/reverse.c:
#  Implicit rule search has been done.
#  Last modified 2022-09-14 17:45:40
#  File has been updated.
#  Successfully updated.
# variable set hash-table stats:
# Load=0/32=0%, Rehash=0, Collisions=0/0=0%

# Not a target:
functions/super_strlen.c:
#  Implicit rule search has been done.
#  Last modified 2022-09-14 15:55:50
#  File has been updated.
#  Successfully updated.
# variable set hash-table stats:
# Load=0/32=0%, Rehash=0, Collisions=0/0=0%

# Not a target:
actions/rr.c:
#  Implicit rule search has been done.
#  Last modified 2022-09-14 17:45:40
#  File has been updated.
#  Successfully updated.
# variable set hash-table stats:
# Load=0/32=0%, Rehash=0, Collisions=0/0=0%

functions/print_action.o: functions/print_action.c
#  Implicit rule search has been done.
#  Implicit/static pattern stem: `functions/print_action'
#  Last modified 2022-09-16 15:48:41
#  File has been updated.
#  Successfully updated.
# variable set hash-table stats:
# Load=0/32=0%, Rehash=0, Collisions=0/0=0%
#  commands to execute (from `Makefile', line 58):
	$(CC) -c $< -o $@
	

# Not a target:
.SUFFIXES:
#  Implicit rule search has not been done.
#  Modification time never checked.
#  File has not been updated.

# Not a target:
Makefile:
#  Implicit rule search has been done.
#  Last modified 2022-09-14 17:29:31
#  File has been updated.
#  Successfully updated.
# variable set hash-table stats:
# Load=0/32=0%, Rehash=0, Collisions=0/0=0%

actions/swap.o: actions/swap.c
#  Implicit rule search has been done.
#  Implicit/static pattern stem: `actions/swap'
#  Last modified 2022-09-16 15:48:40
#  File has been updated.
#  Successfully updated.
# variable set hash-table stats:
# Load=0/32=0%, Rehash=0, Collisions=0/0=0%
#  commands to execute (from `Makefile', line 58):
	$(CC) -c $< -o $@
	

actions/rrr.o: actions/rrr.c
#  Implicit rule search has been done.
#  Implicit/static pattern stem: `actions/rrr'
#  Last modified 2022-09-16 15:48:40
#  File has been updated.
#  Successfully updated.
# variable set hash-table stats:
# Load=0/32=0%, Rehash=0, Collisions=0/0=0%
#  commands to execute (from `Makefile', line 58):
	$(CC) -c $< -o $@
	

functions/List_to_array.o: functions/List_to_array.c
#  Implicit rule search has been done.
#  Implicit/static pattern stem: `functions/List_to_array'
#  Last modified 2022-09-16 15:48:40
#  File has been updated.
#  Successfully updated.
# variable set hash-table stats:
# Load=0/32=0%, Rehash=0, Collisions=0/0=0%
#  commands to execute (from `Makefile', line 58):
	$(CC) -c $< -o $@
	

functions/find_max_ndx.o: functions/find_max_ndx.c
#  Implicit rule search has been done.
#  Implicit/static pattern stem: `functions/find_max_ndx'
#  Last modified 2022-09-16 15:48:40
#  File has been updated.
#  Successfully updated.
# variable set hash-table stats:
# Load=0/32=0%, Rehash=0, Collisions=0/0=0%
#  commands to execute (from `Makefile', line 58):
	$(CC) -c $< -o $@
	

functions/Sortpush.o: functions/Sortpush.c
#  Implicit rule search has been done.
#  Implicit/static pattern stem: `functions/Sortpush'
#  Last modified 2022-09-16 15:48:40
#  File has been updated.
#  Successfully updated.
# variable set hash-table stats:
# Load=0/32=0%, Rehash=0, Collisions=0/0=0%
#  commands to execute (from `Makefile', line 58):
	$(CC) -c $< -o $@
	

functions/find_min_ndx.o: functions/find_min_ndx.c
#  Implicit rule search has been done.
#  Implicit/static pattern stem: `functions/find_min_ndx'
#  Last modified 2022-09-16 15:48:40
#  File has been updated.
#  Successfully updated.
# variable set hash-table stats:
# Load=0/32=0%, Rehash=0, Collisions=0/0=0%
#  commands to execute (from `Makefile', line 58):
	$(CC) -c $< -o $@
	

bonus: ObjectPushSwap.a
#  Phony target (prerequisite of .PHONY).
#  Implicit rule search has not been done.
#  File does not exist.
#  File has not been updated.
#  commands to execute (from `Makefile', line 65):
	$(CC) checker_bonus.c $(NAME) ft_printf/libftprintf.a -o checker
	

# Not a target:
functions/List_to_array.c:
#  Implicit rule search has been done.
#  Last modified 2022-09-14 15:55:50
#  File has been updated.
#  Successfully updated.
# variable set hash-table stats:
# Load=0/32=0%, Rehash=0, Collisions=0/0=0%

fclean: clean
#  Phony target (prerequisite of .PHONY).
#  Implicit rule search has not been done.
#  File does not exist.
#  File has not been updated.
#  commands to execute (from `Makefile', line 71):
	$(RM) $(NAME) $(COMPILE) checker
	

actions/ss.o: actions/ss.c
#  Implicit rule search has been done.
#  Implicit/static pattern stem: `actions/ss'
#  Last modified 2022-09-16 15:48:40
#  File has been updated.
#  Successfully updated.
# variable set hash-table stats:
# Load=0/32=0%, Rehash=0, Collisions=0/0=0%
#  commands to execute (from `Makefile', line 58):
	$(CC) -c $< -o $@
	

actions/rotate.o: actions/rotate.c
#  Implicit rule search has been done.
#  Implicit/static pattern stem: `actions/rotate'
#  Last modified 2022-09-16 15:48:40
#  File has been updated.
 
#  Successfully updated.
# variable set hash-table stats:
# Load=0/32=0%, Rehash=0, Collisions=0/0=0%
#  commands to execute (from `Makefile', line 58):
	$(CC) -c $< -o $@
	

# Not a target:
functions/Delete.c:
#  Implicit rule search has been done.
#  Last modified 2022-09-14 15:55:50
#  File has been updated.
#  Successfully updated.
# variable set hash-table stats:
# Load=0/32=0%, Rehash=0, Collisions=0/0=0%

actions/pushStack.o: actions/pushStack.c
#  Implicit rule search has been done.
#  Implicit/static pattern stem: `actions/pushStack'
#  Last modified 2022-09-16 15:48:40
#  File has been updated.
#  Successfully updated.
# variable set hash-table stats:
# Load=0/32=0%, Rehash=0, Collisions=0/0=0%
#  commands to execute (from `Makefile', line 58):
	$(CC) -c $< -o $@
	

get_next_line/get_next_line.o: get_next_line/get_next_line.c
#  Implicit rule search has been done.
#  Implicit/static pattern stem: `get_next_line/get_next_line'
#  Last modified 2022-09-16 15:48:41
#  File has been updated.
#  Successfully updated.
# variable set hash-table stats:
# Load=0/32=0%, Rehash=0, Collisions=0/0=0%
#  commands to execute (from `Makefile', line 58):
	$(CC) -c $< -o $@
	

# Not a target:
.DEFAULT:
#  Implicit rule search has not been done.
#  Modification time never checked.
#  File has not been updated.

# Not a target:
functions/print_action.c:
#  Implicit rule search has been done.
#  Last modified 2022-09-14 15:55:50
#  File has been updated.
#  Successfully updated.
# variable set hash-table stats:
# Load=0/32=0%, Rehash=0, Collisions=0/0=0%

functions/go_to_ndx.o: functions/go_to_ndx.c
#  Implicit rule search has been done.
#  Implicit/static pattern stem: `functions/go_to_ndx'
#  Last modified 2022-09-16 15:48:40
#  File has been updated.
#  Successfully updated.
# variable set hash-table stats:
# Load=0/32=0%, Rehash=0, Collisions=0/0=0%
#  commands to execute (from `Makefile', line 58):
	$(CC) -c $< -o $@
	

re: fclean all
#  Phony target (prerequisite of .PHONY).
#  Implicit rule search has not been done.
#  File does not exist.
#  File has not been updated.

clean:
#  Phony target (prerequisite of .PHONY).
#  Implicit rule search has not been done.
#  File does not exist.
#  File has not been updated.
#  commands to execute (from `Makefile', line 68):
	$(RM) $(OBJ) ft_printf/*.o ft_printf/*.a
	

# Not a target:
actions/swap.c:
#  Implicit rule search has been done.
#  Last modified 2022-09-14 17:45:40
#  File has been updated.
#  Successfully updated.
# variable set hash-table stats:
# Load=0/32=0%, Rehash=0, Collisions=0/0=0%

functions/checkDouble.o: functions/checkDouble.c
#  Implicit rule search has been done.
#  Implicit/static pattern stem: `functions/checkDouble'
#  Last modified 2022-09-16 15:48:41
#  File has been updated.
#  Successfully updated.
# variable set hash-table stats:
# Load=0/32=0%, Rehash=0, Collisions=0/0=0%
#  commands to execute (from `Makefile', line 58):
	$(CC) -c $< -o $@
	

# Not a target:
actions/rrr.c:
#  Implicit rule search has been done.
#  Last modified 2022-09-14 17:45:40
#  File has been updated.
#  Successfully updated.
# variable set hash-table stats:
# Load=0/32=0%, Rehash=0, Collisions=0/0=0%

push_swap: ObjectPushSwap.a
#  Implicit rule search has not been done.
#  Last modified 2022-09-16 15:48:41
#  File has been updated.
#  Successfully updated.
#  commands to execute (from `Makefile', line 61):
	cd ft_printf && make
	$(CC) main.c $(NAME) ft_printf/libftprintf.a -o $(COMPILE)
	

functions/super_atoi.o: functions/super_atoi.c
#  Implicit rule search has been done.
#  Implicit/static pattern stem: `functions/super_atoi'
#  Last modified 2022-09-16 15:48:40
#  File has been updated.
#  Successfully updated.
# variable set hash-table stats:
# Load=0/32=0%, Rehash=0, Collisions=0/0=0%
#  commands to execute (from `Makefile', line 58):
	$(CC) -c $< -o $@
	

functions/max_min_int.o: functions/max_min_int.c
#  Implicit rule search has been done.
#  Implicit/static pattern stem: `functions/max_min_int'
#  Last modified 2022-09-16 15:48:41
#  File has been updated.
#  Successfully updated.
# variable set hash-table stats:
# Load=0/32=0%, Rehash=0, Collisions=0/0=0%
#  commands to execute (from `Makefile', line 58):
	$(CC) -c $< -o $@
	

# Not a target:
functions/find_max_ndx.c:
#  Implicit rule search has been done.
#  Last modified 2022-09-14 15:55:50
#  File has been updated.
#  Successfully updated.
# variable set hash-table stats:
# Load=0/32=0%, Rehash=0, Collisions=0/0=0%

functions/five.o: functions/five.c
#  Implicit rule search has been done.
#  Implicit/static pattern stem: `functions/five'
#  Last modified 2022-09-16 15:48:40
#  File has been updated.
#  Successfully updated.
# variable set hash-table stats:
# Load=0/32=0%, Rehash=0, Collisions=0/0=0%
#  commands to execute (from `Makefile', line 58):
	$(CC) -c $< -o $@
	

functions/find_first_min.o: functions/find_first_min.c
#  Implicit rule search has been done.
#  Implicit/static pattern stem: `functions/find_first_min'
#  Last modified 2022-09-16 15:48:40
#  File has been updated.
#  Successfully updated.
# variable set hash-table stats:
# Load=0/32=0%, Rehash=0, Collisions=0/0=0%
#  commands to execute (from `Makefile', line 58):
	$(CC) -c $< -o $@
	

# Not a target:
actions.h:
#  Implicit rule search has been done.
#  Last modified 2022-09-14 15:55:50
#  File has been updated.
#  Successfully updated.
# variable set hash-table stats:
# Load=0/32=0%, Rehash=0, Collisions=0/0=0%

# Not a target:
functions/Sortpush.c:
#  Implicit rule search has been done.
#  Last modified 2022-09-14 15:55:50
#  File has been updated.
#  Successfully updated.
# variable set hash-table stats:
# Load=0/32=0%, Rehash=0, Collisions=0/0=0%

functions/push.o: functions/push.c
#  Implicit rule search has been done.
#  Implicit/static pattern stem: `functions/push'
#  Last modified 2022-09-16 15:48:41
#  File has been updated.
#  Successfully updated.
# variable set hash-table stats:
# Load=0/32=0%, Rehash=0, Collisions=0/0=0%
#  commands to execute (from `Makefile', line 58):
	$(CC) -c $< -o $@
	

# Not a target:
functions/find_min_ndx.c:
#  Implicit rule search has been done.
#  Last modified 2022-09-14 15:55:50
#  File has been updated.
#  Successfully updated.
# variable set hash-table stats:
# Load=0/32=0%, Rehash=0, Collisions=0/0=0%

functions/hundred.o: functions/hundred.c
#  Implicit rule search has been done.
#  Implicit/static pattern stem: `functions/hundred'
#  Last modified 2022-09-16 15:48:40
#  File has been updated.
#  Successfully updated.
# variable set hash-table stats:
# Load=0/32=0%, Rehash=0, Collisions=0/0=0%
#  commands to execute (from `Makefile', line 58):
	$(CC) -c $< -o $@
	

main.o: main.c
#  Implicit rule search has been done.
#  Implicit/static pattern stem: `main'
#  Last modified 2022-09-16 15:48:41
#  File has been updated.
#  Successfully updated.
# variable set hash-table stats:
# Load=0/32=0%, Rehash=0, Collisions=0/0=0%
#  commands to execute (from `Makefile', line 58):
	$(CC) -c $< -o $@
	

functions/stackSize.o: functions/stackSize.c
#  Implicit rule search has been done.
#  Implicit/static pattern stem: `functions/stackSize'
#  Last modified 2022-09-16 15:48:40
#  File has been updated.
#  Successfully updated.
# variable set hash-table stats:
# Load=0/32=0%, Rehash=0, Collisions=0/0=0%
#  commands to execute (from `Makefile', line 58):
	$(CC) -c $< -o $@
	

# Not a target:
actions/ss.c:
#  Implicit rule search has been done.
#  Last modified 2022-09-14 17:45:40
#  File has been updated.
#  Successfully updated.
# variable set hash-table stats:
# Load=0/32=0%, Rehash=0, Collisions=0/0=0%

functions/Empty.o: functions/Empty.c
#  Implicit rule search has been done.
#  Implicit/static pattern stem: `functions/Empty'
#  Last modified 2022-09-16 15:48:41
#  File has been updated.
#  Successfully updated.
# variable set hash-table stats:
# Load=0/32=0%, Rehash=0, Collisions=0/0=0%
#  commands to execute (from `Makefile', line 58):
	$(CC) -c $< -o $@
	

actions/reverse.o: actions/reverse.c
#  Implicit rule search has been done.
#  Implicit/static pattern stem: `actions/reverse'
#  Last modified 2022-09-16 15:48:40
 
#  File has been updated.
#  Successfully updated.
# variable set hash-table stats:
# Load=0/32=0%, Rehash=0, Collisions=0/0=0%
#  commands to execute (from `Makefile', line 58):
	$(CC) -c $< -o $@
	

functions/super_strlen.o: functions/super_strlen.c
#  Implicit rule search has been done.
#  Implicit/static pattern stem: `functions/super_strlen'
#  Last modified 2022-09-16 15:48:40
#  File has been updated.
#  Successfully updated.
# variable set hash-table stats:
# Load=0/32=0%, Rehash=0, Collisions=0/0=0%
#  commands to execute (from `Makefile', line 58):
	$(CC) -c $< -o $@
	

actions/rr.o: actions/rr.c
#  Implicit rule search has been done.
#  Implicit/static pattern stem: `actions/rr'
#  Last modified 2022-09-16 15:48:40
#  File has been updated.
#  Successfully updated.
# variable set hash-table stats:
# Load=0/32=0%, Rehash=0, Collisions=0/0=0%
#  commands to execute (from `Makefile', line 58):
	$(CC) -c $< -o $@
	

# Not a target:
actions/rotate.c:
#  Implicit rule search has been done.
#  Last modified 2022-09-14 17:45:40
#  File has been updated.
#  Successfully updated.
# variable set hash-table stats:
# Load=0/32=0%, Rehash=0, Collisions=0/0=0%

# Not a target:
actions/pushStack.c:
#  Implicit rule search has been done.
#  Last modified 2022-09-14 17:45:40
#  File has been updated.
#  Successfully updated.
# variable set hash-table stats:
# Load=0/32=0%, Rehash=0, Collisions=0/0=0%

# Not a target:
get_next_line/get_next_line.c:
#  Implicit rule search has been done.
#  Last modified 2022-09-14 17:45:40
#  File has been updated.
#  Successfully updated.
# variable set hash-table stats:
# Load=0/32=0%, Rehash=0, Collisions=0/0=0%

ObjectPushSwap.a: actions/rrr.o actions/reverse.o actions/rotate.o actions/rr.o actions/pushStack.o actions/ss.o actions/swap.o functions/super_atoi.o functions/super_strlen.o functions/stackSize.o functions/Sortpush.o functions/List_to_array.o functions/go_to_ndx.o functions/find_max_ndx.o functions/find_min_ndx.o functions/find_first_min.o functions/five.o functions/hundred.o functions/three.o functions/print_action.o functions/push.o functions/Empty.o functions/Delete.o functions/checkDouble.o functions/max_min_int.o get_next_line/get_next_line.o main.o actions.h functions.h
#  Implicit rule search has not been done.
#  Last modified 2022-09-16 15:48:41
#  File has been updated.
#  Successfully updated.
# variable set hash-table stats:
# Load=0/32=0%, Rehash=0, Collisions=0/0=0%
#  commands to execute (from `Makefile', line 55):
	$(AR) $(NAME) $(OBJ)
	

# Not a target:
functions/three.c:
#  Implicit rule search has been done.
#  Last modified 2022-09-14 15:55:50
#  File has been updated.
#  Successfully updated.
# variable set hash-table stats:
# Load=0/32=0%, Rehash=0, Collisions=0/0=0%

# Not a target:
functions/go_to_ndx.c:
#  Implicit rule search has been done.
#  Last modified 2022-09-14 15:55:50
#  File has been updated.
#  Successfully updated.
# variable set hash-table stats:
# Load=0/32=0%, Rehash=0, Collisions=0/0=0%

functions/three.o: functions/three.c
#  Implicit rule search has been done.
#  Implicit/static pattern stem: `functions/three'
#  Last modified 2022-09-16 15:48:41
#  File has been updated.
#  Successfully updated.
# variable set hash-table stats:
# Load=0/32=0%, Rehash=0, Collisions=0/0=0%
#  commands to execute (from `Makefile', line 58):
	$(CC) -c $< -o $@
	

functions/Delete.o: functions/Delete.c
#  Implicit rule search has been done.
#  Implicit/static pattern stem: `functions/Delete'
#  Last modified 2022-09-16 15:48:41
#  File has been updated.
#  Successfully updated.
# variable set hash-table stats:
# Load=0/32=0%, Rehash=0, Collisions=0/0=0%
#  commands to execute (from `Makefile', line 58):
	$(CC) -c $< -o $@
	

# files hash-table stats:
# Load=67/1024=7%, Rehash=0, Collisions=11/202=5%
# VPATH Search Paths

# No `vpath' search paths.

# No general (`VPATH' variable) search path.

# # of strings in strcache: 1
# # of strcache buffers: 1
# strcache size: total = 4096 / max = 4096 / min = 4096 / avg = 4096
# strcache free: total = 4087 / max = 4087 / min = 4087 / avg = 4087

# Finished Make data base on Fri Sep 16 15:50:02 2022

 
